# JRE version: Java(TM) SE Runtime Environment (8.0_102-b14) (build 1.8.0_102-b14)
# Java VM: Java HotSpot(TM) 64-Bit Server VM (25.102-b14 mixed mode bsd-amd64 compressed oops)
Heap:
 PSYoungGen      total 913408K, used 655360K [0x000000076ab00000, 0x00000007bf400000, 0x00000007c0000000)
  eden space 655360K, 100% used [0x000000076ab00000,0x0000000792b00000,0x0000000792b00000)
  from space 258048K, 0% used [0x0000000792b00000,0x0000000792b00000,0x00000007a2700000)
  to   space 365056K, 0% used [0x00000007a8f80000,0x00000007a8f80000,0x00000007bf400000)
 ParOldGen       total 2796544K, used 2796458K [0x00000006c0000000, 0x000000076ab00000, 0x000000076ab00000)
  object space 2796544K, 99% used [0x00000006c0000000,0x000000076aaeaa08,0x000000076ab00000)
 Metaspace       used 2680K, capacity 4496K, committed 4864K, reserved 1056768K
  class space    used 290K, capacity 388K, committed 512K, reserved 1048576K
GC Heap History (10 events):
Event: 132.907 GC heap after
Heap after GC invocations=105 (full 12):
 PSYoungGen      total 913408K, used 333949K [0x000000076ab00000, 0x00000007bf400000, 0x00000007c0000000)
  eden space 655360K, 50% used [0x000000076ab00000,0x000000077f11f7e0,0x0000000792b00000)
  from space 258048K, 0% used [0x0000000792b00000,0x0000000792b00000,0x00000007a2700000)
  to   space 365056K, 0% used [0x00000007a8f80000,0x00000007a8f80000,0x00000007bf400000)
 ParOldGen       total 2796544K, used 2796458K [0x00000006c0000000, 0x000000076ab00000, 0x000000076ab00000)
  object space 2796544K, 99% used [0x00000006c0000000,0x000000076aaeaa08,0x000000076ab00000)
 Metaspace       used 2680K, capacity 4496K, committed 4864K, reserved 1056768K
  class space    used 290K, capacity 388K, committed 512K, reserved 1048576K
}
Event: 133.904 GC heap before
{Heap before GC invocations=106 (full 13):
 PSYoungGen      total 913408K, used 655360K [0x000000076ab00000, 0x00000007bf400000, 0x00000007c0000000)
  eden space 655360K, 100% used [0x000000076ab00000,0x0000000792b00000,0x0000000792b00000)
  from space 258048K, 0% used [0x0000000792b00000,0x0000000792b00000,0x00000007a2700000)
  to   space 365056K, 0% used [0x00000007a8f80000,0x00000007a8f80000,0x00000007bf400000)
 ParOldGen       total 2796544K, used 2796458K [0x00000006c0000000, 0x000000076ab00000, 0x000000076ab00000)
  object space 2796544K, 99% used [0x00000006c0000000,0x000000076aaeaa08,0x000000076ab00000)
 Metaspace       used 2680K, capacity 4496K, committed 4864K, reserved 1056768K
  class space    used 290K, capacity 388K, committed 512K, reserved 1048576K
Event: 156.679 GC heap after
Heap after GC invocations=106 (full 13):
 PSYoungGen      total 913408K, used 354147K [0x000000076ab00000, 0x00000007bf400000, 0x00000007c0000000)
  eden space 655360K, 54% used [0x000000076ab00000,0x00000007804d8cc0,0x0000000792b00000)
  from space 258048K, 0% used [0x0000000792b00000,0x0000000792b00000,0x00000007a2700000)
  to   space 365056K, 0% used [0x00000007a8f80000,0x00000007a8f80000,0x00000007bf400000)
 ParOldGen       total 2796544K, used 2796458K [0x00000006c0000000, 0x000000076ab00000, 0x000000076ab00000)
  object space 2796544K, 99% used [0x00000006c0000000,0x000000076aaeaa08,0x000000076ab00000)
 Metaspace       used 2680K, capacity 4496K, committed 4864K, reserved 1056768K
  class space    used 290K, capacity 388K, committed 512K, reserved 1048576K
}
Event: 158.104 GC heap before
{Heap before GC invocations=107 (full 14):
 PSYoungGen      total 913408K, used 655177K [0x000000076ab00000, 0x00000007bf400000, 0x00000007c0000000)
  eden space 655360K, 99% used [0x000000076ab00000,0x0000000792ad24e8,0x0000000792b00000)
  from space 258048K, 0% used [0x0000000792b00000,0x0000000792b00000,0x00000007a2700000)
  to   space 365056K, 0% used [0x00000007a8f80000,0x00000007a8f80000,0x00000007bf400000)
 ParOldGen       total 2796544K, used 2796458K [0x00000006c0000000, 0x000000076ab00000, 0x000000076ab00000)
  object space 2796544K, 99% used [0x00000006c0000000,0x000000076aaeaa08,0x000000076ab00000)
 Metaspace       used 2680K, capacity 4496K, committed 4864K, reserved 1056768K
  class space    used 290K, capacity 388K, committed 512K, reserved 1048576K
Event: 178.255 GC heap after
Heap after GC invocations=107 (full 14):
 PSYoungGen      total 913408K, used 372960K [0x000000076ab00000, 0x00000007bf400000, 0x00000007c0000000)
  eden space 655360K, 56% used [0x000000076ab00000,0x00000007817380b8,0x0000000792b00000)
  from space 258048K, 0% used [0x0000000792b00000,0x0000000792b00000,0x00000007a2700000)
  to   space 365056K, 0% used [0x00000007a8f80000,0x00000007a8f80000,0x00000007bf400000)
 ParOldGen       total 2796544K, used 2796458K [0x00000006c0000000, 0x000000076ab00000, 0x000000076ab00000)
  object space 2796544K, 99% used [0x00000006c0000000,0x000000076aaeaa08,0x000000076ab00000)
 Metaspace       used 2680K, capacity 4496K, committed 4864K, reserved 1056768K
  class space    used 290K, capacity 388K, committed 512K, reserved 1048576K
}
Event: 179.752 GC heap before
{Heap before GC invocations=108 (full 15):
 PSYoungGen      total 913408K, used 655360K [0x000000076ab00000, 0x00000007bf400000, 0x00000007c0000000)
  eden space 655360K, 100% used [0x000000076ab00000,0x0000000792b00000,0x0000000792b00000)
  from space 258048K, 0% used [0x0000000792b00000,0x0000000792b00000,0x00000007a2700000)
  to   space 365056K, 0% used [0x00000007a8f80000,0x00000007a8f80000,0x00000007bf400000)
 ParOldGen       total 2796544K, used 2796458K [0x00000006c0000000, 0x000000076ab00000, 0x000000076ab00000)
  object space 2796544K, 99% used [0x00000006c0000000,0x000000076aaeaa08,0x000000076ab00000)
 Metaspace       used 2680K, capacity 4496K, committed 4864K, reserved 1056768K
  class space    used 290K, capacity 388K, committed 512K, reserved 1048576K
Event: 234.834 GC heap after
Heap after GC invocations=108 (full 15):
 PSYoungGen      total 913408K, used 390584K [0x000000076ab00000, 0x00000007bf400000, 0x00000007c0000000)
  eden space 655360K, 59% used [0x000000076ab00000,0x000000078286e2b8,0x0000000792b00000)
  from space 258048K, 0% used [0x0000000792b00000,0x0000000792b00000,0x00000007a2700000)
  to   space 365056K, 0% used [0x00000007a8f80000,0x00000007a8f80000,0x00000007bf400000)
 ParOldGen       total 2796544K, used 2796458K [0x00000006c0000000, 0x000000076ab00000, 0x000000076ab00000)
  object space 2796544K, 99% used [0x00000006c0000000,0x000000076aaeaa08,0x000000076ab00000)
 Metaspace       used 2680K, capacity 4496K, committed 4864K, reserved 1056768K
  class space    used 290K, capacity 388K, committed 512K, reserved 1048576K
}
Event: 236.063 GC heap before
{Heap before GC invocations=109 (full 16):
 PSYoungGen      total 913408K, used 655360K [0x000000076ab00000, 0x00000007bf400000, 0x00000007c0000000)
  eden space 655360K, 100% used [0x000000076ab00000,0x0000000792b00000,0x0000000792b00000)
  from space 258048K, 0% used [0x0000000792b00000,0x0000000792b00000,0x00000007a2700000)
  to   space 365056K, 0% used [0x00000007a8f80000,0x00000007a8f80000,0x00000007bf400000)
 ParOldGen       total 2796544K, used 2796458K [0x00000006c0000000, 0x000000076ab00000, 0x000000076ab00000)
  object space 2796544K, 99% used [0x00000006c0000000,0x000000076aaeaa08,0x000000076ab00000)
 Metaspace       used 2680K, capacity 4496K, committed 4864K, reserved 1056768K
  class space    used 290K, capacity 388K, committed 512K, reserved 1048576K
Event: 273.985 GC heap after
Heap after GC invocations=109 (full 16):
 PSYoungGen      total 913408K, used 407115K [0x000000076ab00000, 0x00000007bf400000, 0x00000007c0000000)
  eden space 655360K, 62% used [0x000000076ab00000,0x0000000783892f80,0x0000000792b00000)
  from space 258048K, 0% used [0x0000000792b00000,0x0000000792b00000,0x00000007a2700000)
  to   space 365056K, 0% used [0x00000007a8f80000,0x00000007a8f80000,0x00000007bf400000)
 ParOldGen       total 2796544K, used 2796458K [0x00000006c0000000, 0x000000076ab00000, 0x000000076ab00000)
  object space 2796544K, 99% used [0x00000006c0000000,0x000000076aaeaa08,0x000000076ab00000)
 Metaspace       used 2680K, capacity 4496K, committed 4864K, reserved 1056768K
  class space    used 290K, capacity 388K, committed 512K, reserved 1048576K
}
Event: 276.483 GC heap before
{Heap before GC invocations=110 (full 17):
 PSYoungGen      total 913408K, used 655360K [0x000000076ab00000, 0x00000007bf400000, 0x00000007c0000000)
  eden space 655360K, 100% used [0x000000076ab00000,0x0000000792b00000,0x0000000792b00000)
  from space 258048K, 0% used [0x0000000792b00000,0x0000000792b00000,0x00000007a2700000)
  to   space 365056K, 0% used [0x00000007a8f80000,0x00000007a8f80000,0x00000007bf400000)
 ParOldGen       total 2796544K, used 2796458K [0x00000006c0000000, 0x000000076ab00000, 0x000000076ab00000)
  object space 2796544K, 99% used [0x00000006c0000000,0x000000076aaeaa08,0x000000076ab00000)
 Metaspace       used 2680K, capacity 4496K, committed 4864K, reserved 1056768K
  class space    used 290K, capacity 388K, committed 512K, reserved 1048576K

